<?xml version="1.0" encoding="UTF-8"?>
<!-- Generated by org.testng.reporters.JUnitXMLReporter -->
<testsuite ignored="0" hostname="DESKTOP-TDDQJB9" failures="0" tests="1" name="Parallel Tests1" time="11.166" errors="0" timestamp="2023-04-08T14:35:36 IST">
  <testcase classname="GenericUtility.Base_Class" name="@BeforeMethod Login" time="4.995">
    <failure type="org.openqa.selenium.StaleElementReferenceException" message="stale element reference: element is not attached to the page document
  (Session info: chrome=112.0.5615.50)
For documentation on this error, please visit: https://selenium.dev/exceptions/#stale_element_reference
Build info: version: &amp;apos;4.8.3&amp;apos;, revision: &amp;apos;e5e76298c3&amp;apos;
System info: os.name: &amp;apos;Windows 10&amp;apos;, os.arch: &amp;apos;amd64&amp;apos;, os.version: &amp;apos;10.0&amp;apos;, java.version: &amp;apos;17.0.4.1&amp;apos;
Driver info: org.openqa.selenium.chrome.ChromeDriver
Command: [cceb111ddc70421b618f72ceb2531444, clickElement {id=e1c7cdc4-72d3-42dd-a960-bcc7f85b6832}]
Capabilities {acceptInsecureCerts: false, browserName: chrome, browserVersion: 112.0.5615.50, chrome: {chromedriverVersion: 112.0.5615.49 (bd2a7bcb881c..., userDataDir: C:\Users\Varma\AppData\Loca...}, goog:chromeOptions: {debuggerAddress: localhost:61604}, networkConnectionEnabled: false, pageLoadStrategy: normal, platformName: WINDOWS, proxy: Proxy(), se:cdp: ws://localhost:61604/devtoo..., se:cdpVersion: 112.0.5615.50, setWindowRect: true, strictFileInteractability: false, timeouts: {implicit: 0, pageLoad: 300000, script: 30000}, unhandledPromptBehavior: dismiss and notify, webauthn:extension:credBlob: true, webauthn:extension:largeBlob: true, webauthn:extension:minPinLength: true, webauthn:extension:prf: true, webauthn:virtualAuthenticators: true}
Element: [[ChromeDriver: chrome on WINDOWS (cceb111ddc70421b618f72ceb2531444)] -&amp;gt; xpath: //button[text()=&amp;apos;Login&amp;apos;]]
Session ID: cceb111ddc70421b618f72ceb2531444">
      <![CDATA[org.openqa.selenium.StaleElementReferenceException: stale element reference: element is not attached to the page document
  (Session info: chrome=112.0.5615.50)
For documentation on this error, please visit: https://selenium.dev/exceptions/#stale_element_reference
Build info: version: '4.8.3', revision: 'e5e76298c3'
System info: os.name: 'Windows 10', os.arch: 'amd64', os.version: '10.0', java.version: '17.0.4.1'
Driver info: org.openqa.selenium.chrome.ChromeDriver
Command: [cceb111ddc70421b618f72ceb2531444, clickElement {id=e1c7cdc4-72d3-42dd-a960-bcc7f85b6832}]
Capabilities {acceptInsecureCerts: false, browserName: chrome, browserVersion: 112.0.5615.50, chrome: {chromedriverVersion: 112.0.5615.49 (bd2a7bcb881c..., userDataDir: C:\Users\Varma\AppData\Loca...}, goog:chromeOptions: {debuggerAddress: localhost:61604}, networkConnectionEnabled: false, pageLoadStrategy: normal, platformName: WINDOWS, proxy: Proxy(), se:cdp: ws://localhost:61604/devtoo..., se:cdpVersion: 112.0.5615.50, setWindowRect: true, strictFileInteractability: false, timeouts: {implicit: 0, pageLoad: 300000, script: 30000}, unhandledPromptBehavior: dismiss and notify, webauthn:extension:credBlob: true, webauthn:extension:largeBlob: true, webauthn:extension:minPinLength: true, webauthn:extension:prf: true, webauthn:virtualAuthenticators: true}
Element: [[ChromeDriver: chrome on WINDOWS (cceb111ddc70421b618f72ceb2531444)] -> xpath: //button[text()='Login']]
Session ID: cceb111ddc70421b618f72ceb2531444
at org.openqa.selenium.remote.codec.w3c.W3CHttpResponseCodec.createException(W3CHttpResponseCodec.java:200)
at org.openqa.selenium.remote.codec.w3c.W3CHttpResponseCodec.decode(W3CHttpResponseCodec.java:133)
at org.openqa.selenium.remote.codec.w3c.W3CHttpResponseCodec.decode(W3CHttpResponseCodec.java:53)
at org.openqa.selenium.remote.HttpCommandExecutor.execute(HttpCommandExecutor.java:193)
at org.openqa.selenium.remote.service.DriverCommandExecutor.invokeExecute(DriverCommandExecutor.java:183)
at org.openqa.selenium.remote.service.DriverCommandExecutor.execute(DriverCommandExecutor.java:158)
at org.openqa.selenium.remote.RemoteWebDriver.execute(RemoteWebDriver.java:543)
at org.openqa.selenium.remote.RemoteWebElement.execute(RemoteWebElement.java:257)
at org.openqa.selenium.remote.RemoteWebElement.click(RemoteWebElement.java:78)
at org.openqa.selenium.support.pagefactory.internal.LocatingElementHandler.invoke(LocatingElementHandler.java:52)
at jdk.proxy2/jdk.proxy2.$Proxy22.click(Unknown Source)
at GenericUtility.FPLoginPage.Login(FPLoginPage.java:40)
at GenericUtility.Base_Class.Login(Base_Class.java:58)
at java.base/java.util.concurrent.ThreadPoolExecutor.runWorker(ThreadPoolExecutor.java:1136)
at java.base/java.util.concurrent.ThreadPoolExecutor$Worker.run(ThreadPoolExecutor.java:635)
at java.base/java.lang.Thread.run(Thread.java:833)
... Removed 25 stack frames]]>
    </failure>
  </testcase> <!-- @BeforeMethod Login -->
  <testcase classname="GenericUtility.Base_Class" name="@AfterMethod Logout" time="-1.680944736524E9">
    <skipped/>
  </testcase> <!-- @AfterMethod Logout -->
  <testcase classname="GenericUtility.Base_Class" name="@AfterClass Close_Browser" time="-1.680944736525E9">
    <skipped/>
  </testcase> <!-- @AfterClass Close_Browser -->
  <testcase classname="ExecutionUtility.AddingStudent" name="Student" time="0.0">
    <skipped/>
  </testcase> <!-- Student -->
</testsuite> <!-- Parallel Tests1 -->
