<?xml version="1.0" encoding="UTF-8"?>
<!-- Generated by org.testng.reporters.JUnitXMLReporter -->
<testsuite ignored="0" hostname="DESKTOP-TDDQJB9" failures="0" tests="2" name="Test2" time="0.289" errors="0" timestamp="2023-04-25T13:01:44 IST">
  <testcase classname="GenericUtility.Base_Class" name="@BeforeClass Launch_Browser" time="0.001">
    <failure type="java.io.FileNotFoundException" message=".\src\test\resources\LoginData\Login.properties (The system cannot find the path specified)">
      <![CDATA[java.io.FileNotFoundException: .\src\test\resources\LoginData\Login.properties (The system cannot find the path specified)
at java.base/java.io.FileInputStream.open0(Native Method)
at java.base/java.io.FileInputStream.open(FileInputStream.java:216)
at java.base/java.io.FileInputStream.<init>(FileInputStream.java:157)
at java.base/java.io.FileInputStream.<init>(FileInputStream.java:111)
at GenericUtility.PropertyFile.ReaddataFromProperty(PropertyFile.java:12)
at GenericUtility.Base_Class.Launch_Browser(Base_Class.java:36)
at java.base/java.util.ArrayList.forEach(ArrayList.java:1511)
at java.base/java.util.concurrent.FutureTask.run(FutureTask.java:264)
at java.base/java.util.concurrent.ThreadPoolExecutor.runWorker(ThreadPoolExecutor.java:1136)
at java.base/java.util.concurrent.ThreadPoolExecutor$Worker.run(ThreadPoolExecutor.java:635)
at java.base/java.lang.Thread.run(Thread.java:833)
... Removed 16 stack frames]]>
    </failure>
  </testcase> <!-- @BeforeClass Launch_Browser -->
  <testcase classname="GenericUtility.Base_Class" name="@BeforeClass Launch_Browser" time="0.001">
    <failure type="java.io.FileNotFoundException" message=".\src\test\resources\LoginData\Login.properties (The system cannot find the path specified)">
      <![CDATA[java.io.FileNotFoundException: .\src\test\resources\LoginData\Login.properties (The system cannot find the path specified)
at java.base/java.io.FileInputStream.open0(Native Method)
at java.base/java.io.FileInputStream.open(FileInputStream.java:216)
at java.base/java.io.FileInputStream.<init>(FileInputStream.java:157)
at java.base/java.io.FileInputStream.<init>(FileInputStream.java:111)
at GenericUtility.PropertyFile.ReaddataFromProperty(PropertyFile.java:12)
at GenericUtility.Base_Class.Launch_Browser(Base_Class.java:36)
at java.base/java.util.ArrayList.forEach(ArrayList.java:1511)
at java.base/java.util.concurrent.FutureTask.run(FutureTask.java:264)
at java.base/java.util.concurrent.ThreadPoolExecutor.runWorker(ThreadPoolExecutor.java:1136)
at java.base/java.util.concurrent.ThreadPoolExecutor$Worker.run(ThreadPoolExecutor.java:635)
at java.base/java.lang.Thread.run(Thread.java:833)
... Removed 16 stack frames]]>
    </failure>
  </testcase> <!-- @BeforeClass Launch_Browser -->
  <testcase classname="GenericUtility.Base_Class" name="@BeforeMethod Login" time="-1.682407904059E9">
    <skipped/>
  </testcase> <!-- @BeforeMethod Login -->
  <testcase classname="GenericUtility.Base_Class" name="@BeforeMethod Login" time="-1.682407904058E9">
    <skipped/>
  </testcase> <!-- @BeforeMethod Login -->
  <testcase classname="GenericUtility.Base_Class" name="@AfterMethod Logout" time="-1.682407904087E9">
    <skipped/>
  </testcase> <!-- @AfterMethod Logout -->
  <testcase classname="GenericUtility.Base_Class" name="@BeforeMethod Login" time="-1.68240790409E9">
    <skipped/>
  </testcase> <!-- @BeforeMethod Login -->
  <testcase classname="GenericUtility.Base_Class" name="@AfterMethod Logout" time="-1.682407904085E9">
    <skipped/>
  </testcase> <!-- @AfterMethod Logout -->
  <testcase classname="GenericUtility.Base_Class" name="@AfterClass Close_Browser" time="-1.682407904093E9">
    <skipped/>
  </testcase> <!-- @AfterClass Close_Browser -->
  <testcase classname="GenericUtility.Base_Class" name="@AfterMethod Logout" time="-1.682407904097E9">
    <skipped/>
  </testcase> <!-- @AfterMethod Logout -->
  <testcase classname="GenericUtility.Base_Class" name="@AfterClass Close_Browser" time="-1.682407904099E9">
    <skipped/>
  </testcase> <!-- @AfterClass Close_Browser -->
  <testcase classname="ExecutionUtility.ClickOnDesignerTest" name="DemoTest" time="0.0">
    <skipped/>
  </testcase> <!-- DemoTest -->
  <testcase classname="ExecutionUtility.ClickOnDesignerTest" name="Designer" time="0.0">
    <skipped/>
  </testcase> <!-- Designer -->
</testsuite> <!-- Test2 -->
