<?xml version="1.0" encoding="UTF-8"?>
<testng-results ignored="0" total="4" passed="4" failed="0" skipped="0">
  <reporter-output>
    <line>
      <![CDATA[Click on Designer Successfully..!!!]]>
    </line>
  </reporter-output>
  <suite started-at="2023-04-25T13:10:41 IST" name="Suite" finished-at="2023-04-25T13:11:09 IST" duration-ms="28128">
    <groups>
      <group name="Regression">
        <method signature="ClickOnDesignerTest.Designer()[pri:0, instance:ExecutionUtility.ClickOnDesignerTest@1ed4ae0f]" name="Designer" class="ExecutionUtility.ClickOnDesignerTest"/>
      </group> <!-- Regression -->
      <group name="smoke">
        <method signature="AddingStudent.Student()[pri:0, instance:ExecutionUtility.AddingStudent@242b836]" name="Student" class="ExecutionUtility.AddingStudent"/>
        <method signature="LoginLogout.Demo()[pri:0, instance:ExecutionUtility.LoginLogout@7d0b7e3c]" name="Demo" class="ExecutionUtility.LoginLogout"/>
      </group> <!-- smoke -->
    </groups>
    <test started-at="2023-04-25T13:10:41 IST" name="Test3" finished-at="2023-04-25T13:11:01 IST" duration-ms="19730">
      <class name="ExecutionUtility.LoginLogout">
        <test-method is-config="true" signature="Launch_Database()[pri:0, instance:ExecutionUtility.LoginLogout@7d0b7e3c]" started-at="2023-04-25T13:10:41 IST" name="Launch_Database" finished-at="2023-04-25T13:10:41 IST" duration-ms="7" status="PASS">
          <reporter-output>
          </reporter-output>
        </test-method> <!-- Launch_Database -->
        <test-method is-config="true" signature="Launch_Browser()[pri:0, instance:ExecutionUtility.LoginLogout@7d0b7e3c]" started-at="2023-04-25T13:10:42 IST" name="Launch_Browser" finished-at="2023-04-25T13:10:48 IST" duration-ms="6085" status="PASS">
          <reporter-output>
          </reporter-output>
        </test-method> <!-- Launch_Browser -->
        <test-method is-config="true" signature="Login()[pri:0, instance:ExecutionUtility.LoginLogout@7d0b7e3c]" started-at="2023-04-25T13:10:48 IST" name="Login" finished-at="2023-04-25T13:10:54 IST" duration-ms="6415" status="PASS">
          <reporter-output>
          </reporter-output>
        </test-method> <!-- Login -->
        <test-method signature="Demo()[pri:0, instance:ExecutionUtility.LoginLogout@7d0b7e3c]" started-at="2023-04-25T13:10:54 IST" name="Demo" finished-at="2023-04-25T13:10:54 IST" duration-ms="1" status="PASS">
          <reporter-output>
          </reporter-output>
        </test-method> <!-- Demo -->
        <test-method is-config="true" signature="Logout()[pri:0, instance:ExecutionUtility.LoginLogout@7d0b7e3c]" started-at="2023-04-25T13:10:54 IST" name="Logout" finished-at="2023-04-25T13:11:01 IST" duration-ms="6850" status="PASS">
          <reporter-output>
          </reporter-output>
        </test-method> <!-- Logout -->
        <test-method is-config="true" signature="Close_Browser()[pri:0, instance:ExecutionUtility.LoginLogout@7d0b7e3c]" started-at="2023-04-25T13:11:01 IST" name="Close_Browser" finished-at="2023-04-25T13:11:01 IST" duration-ms="114" status="PASS">
          <reporter-output>
          </reporter-output>
        </test-method> <!-- Close_Browser -->
        <test-method is-config="true" signature="Close_Database()[pri:0, instance:ExecutionUtility.LoginLogout@7d0b7e3c]" started-at="2023-04-25T13:11:09 IST" name="Close_Database" finished-at="2023-04-25T13:11:09 IST" duration-ms="1" status="PASS">
          <reporter-output>
          </reporter-output>
        </test-method> <!-- Close_Database -->
      </class> <!-- ExecutionUtility.LoginLogout -->
    </test> <!-- Test3 -->
    <test started-at="2023-04-25T13:10:41 IST" name="Test1" finished-at="2023-04-25T13:11:04 IST" duration-ms="23107">
      <class name="ExecutionUtility.AddingStudent">
        <test-method is-config="true" signature="Launch_Browser()[pri:0, instance:ExecutionUtility.AddingStudent@242b836]" started-at="2023-04-25T13:10:42 IST" name="Launch_Browser" finished-at="2023-04-25T13:10:48 IST" duration-ms="6110" status="PASS">
          <reporter-output>
          </reporter-output>
        </test-method> <!-- Launch_Browser -->
        <test-method is-config="true" signature="Login()[pri:0, instance:ExecutionUtility.AddingStudent@242b836]" started-at="2023-04-25T13:10:48 IST" name="Login" finished-at="2023-04-25T13:10:54 IST" duration-ms="6348" status="PASS">
          <reporter-output>
          </reporter-output>
        </test-method> <!-- Login -->
        <test-method signature="Student()[pri:0, instance:ExecutionUtility.AddingStudent@242b836]" started-at="2023-04-25T13:10:54 IST" name="Student" finished-at="2023-04-25T13:11:00 IST" duration-ms="6266" status="PASS">
          <reporter-output>
          </reporter-output>
        </test-method> <!-- Student -->
        <test-method is-config="true" signature="Logout()[pri:0, instance:ExecutionUtility.AddingStudent@242b836]" started-at="2023-04-25T13:11:00 IST" name="Logout" finished-at="2023-04-25T13:11:04 IST" duration-ms="4016" status="PASS">
          <reporter-output>
          </reporter-output>
        </test-method> <!-- Logout -->
        <test-method is-config="true" signature="Close_Browser()[pri:0, instance:ExecutionUtility.AddingStudent@242b836]" started-at="2023-04-25T13:11:04 IST" name="Close_Browser" finished-at="2023-04-25T13:11:04 IST" duration-ms="109" status="PASS">
          <reporter-output>
          </reporter-output>
        </test-method> <!-- Close_Browser -->
      </class> <!-- ExecutionUtility.AddingStudent -->
    </test> <!-- Test1 -->
    <test started-at="2023-04-25T13:10:41 IST" name="Test2" finished-at="2023-04-25T13:11:09 IST" duration-ms="28126">
      <class name="ExecutionUtility.ClickOnDesignerTest">
        <test-method is-config="true" signature="Launch_Browser()[pri:0, instance:ExecutionUtility.ClickOnDesignerTest@1ed4ae0f]" started-at="2023-04-25T13:10:42 IST" name="Launch_Browser" finished-at="2023-04-25T13:10:47 IST" duration-ms="5614" status="PASS">
          <reporter-output>
          </reporter-output>
        </test-method> <!-- Launch_Browser -->
        <test-method is-config="true" signature="Login()[pri:0, instance:ExecutionUtility.ClickOnDesignerTest@1ed4ae0f]" started-at="2023-04-25T13:10:47 IST" name="Login" finished-at="2023-04-25T13:10:52 IST" duration-ms="5235" status="PASS">
          <reporter-output>
          </reporter-output>
        </test-method> <!-- Login -->
        <test-method signature="DemoTest()[pri:0, instance:ExecutionUtility.ClickOnDesignerTest@1ed4ae0f]" started-at="2023-04-25T13:10:52 IST" name="DemoTest" finished-at="2023-04-25T13:10:52 IST" duration-ms="16" status="PASS">
          <reporter-output>
          </reporter-output>
        </test-method> <!-- DemoTest -->
        <test-method is-config="true" signature="Logout()[pri:0, instance:ExecutionUtility.ClickOnDesignerTest@1ed4ae0f]" started-at="2023-04-25T13:10:52 IST" name="Logout" finished-at="2023-04-25T13:10:59 IST" duration-ms="6941" status="PASS">
          <reporter-output>
          </reporter-output>
        </test-method> <!-- Logout -->
        <test-method is-config="true" signature="Login()[pri:0, instance:ExecutionUtility.ClickOnDesignerTest@1ed4ae0f]" started-at="2023-04-25T13:10:59 IST" name="Login" finished-at="2023-04-25T13:11:02 IST" duration-ms="2199" status="PASS">
          <reporter-output>
          </reporter-output>
        </test-method> <!-- Login -->
        <test-method signature="Designer()[pri:0, instance:ExecutionUtility.ClickOnDesignerTest@1ed4ae0f]" started-at="2023-04-25T13:11:02 IST" name="Designer" finished-at="2023-04-25T13:11:05 IST" duration-ms="3870" status="PASS">
          <reporter-output>
            <line>
              <![CDATA[Click on Designer Successfully..!!!]]>
            </line>
          </reporter-output>
        </test-method> <!-- Designer -->
        <test-method is-config="true" signature="Logout()[pri:0, instance:ExecutionUtility.ClickOnDesignerTest@1ed4ae0f]" started-at="2023-04-25T13:11:05 IST" name="Logout" finished-at="2023-04-25T13:11:09 IST" duration-ms="3879" status="PASS">
          <reporter-output>
          </reporter-output>
        </test-method> <!-- Logout -->
        <test-method is-config="true" signature="Close_Browser()[pri:0, instance:ExecutionUtility.ClickOnDesignerTest@1ed4ae0f]" started-at="2023-04-25T13:11:09 IST" name="Close_Browser" finished-at="2023-04-25T13:11:09 IST" duration-ms="100" status="PASS">
          <reporter-output>
          </reporter-output>
        </test-method> <!-- Close_Browser -->
      </class> <!-- ExecutionUtility.ClickOnDesignerTest -->
    </test> <!-- Test2 -->
  </suite> <!-- Suite -->
</testng-results>
