<?xml version="1.0" encoding="UTF-8"?>
<testng-results ignored="0" total="1" passed="0" failed="0" skipped="1">
  <reporter-output>
  </reporter-output>
  <suite started-at="2023-04-25T13:01:55 IST" name="Default suite" finished-at="2023-04-25T13:01:55 IST" duration-ms="264">
    <groups>
      <group name="smoke">
        <method signature="AddingStudent.Student()[pri:0, instance:ExecutionUtility.AddingStudent@242b836]" name="Student" class="ExecutionUtility.AddingStudent"/>
      </group> <!-- smoke -->
    </groups>
    <test started-at="2023-04-25T13:01:55 IST" name="Default test" finished-at="2023-04-25T13:01:55 IST" duration-ms="264">
      <class name="ExecutionUtility.AddingStudent">
        <test-method is-config="true" signature="Launch_Database()[pri:0, instance:ExecutionUtility.AddingStudent@242b836]" started-at="2023-04-25T13:01:55 IST" name="Launch_Database" finished-at="2023-04-25T13:01:55 IST" duration-ms="7" status="PASS">
          <reporter-output>
          </reporter-output>
        </test-method> <!-- Launch_Database -->
        <test-method is-config="true" signature="Launch_Browser()[pri:0, instance:ExecutionUtility.AddingStudent@242b836]" started-at="2023-04-25T13:01:55 IST" name="Launch_Browser" finished-at="2023-04-25T13:01:55 IST" duration-ms="1" status="FAIL">
          <exception class="java.io.FileNotFoundException">
            <message>
              <![CDATA[.\src\test\resources\LoginData\Login.properties (The system cannot find the path specified)]]>
            </message>
            <full-stacktrace>
              <![CDATA[java.io.FileNotFoundException: .\src\test\resources\LoginData\Login.properties (The system cannot find the path specified)
at java.base/java.io.FileInputStream.open0(Native Method)
at java.base/java.io.FileInputStream.open(FileInputStream.java:216)
at java.base/java.io.FileInputStream.<init>(FileInputStream.java:157)
at java.base/java.io.FileInputStream.<init>(FileInputStream.java:111)
at GenericUtility.PropertyFile.ReaddataFromProperty(PropertyFile.java:12)
at GenericUtility.Base_Class.Launch_Browser(Base_Class.java:36)
at java.base/jdk.internal.reflect.NativeMethodAccessorImpl.invoke0(Native Method)
at java.base/jdk.internal.reflect.NativeMethodAccessorImpl.invoke(NativeMethodAccessorImpl.java:77)
at java.base/jdk.internal.reflect.DelegatingMethodAccessorImpl.invoke(DelegatingMethodAccessorImpl.java:43)
at java.base/java.lang.reflect.Method.invoke(Method.java:568)
at org.testng.internal.MethodInvocationHelper.invokeMethod(MethodInvocationHelper.java:133)
at org.testng.internal.MethodInvocationHelper.invokeMethodConsideringTimeout(MethodInvocationHelper.java:62)
at org.testng.internal.ConfigInvoker.invokeConfigurationMethod(ConfigInvoker.java:385)
at org.testng.internal.ConfigInvoker.invokeConfigurations(ConfigInvoker.java:321)
at org.testng.internal.TestMethodWorker.invokeBeforeClassMethods(TestMethodWorker.java:176)
at org.testng.internal.TestMethodWorker.run(TestMethodWorker.java:122)
at java.base/java.util.ArrayList.forEach(ArrayList.java:1511)
at org.testng.TestRunner.privateRun(TestRunner.java:794)
at org.testng.TestRunner.run(TestRunner.java:596)
at org.testng.SuiteRunner.runTest(SuiteRunner.java:377)
at org.testng.SuiteRunner.runSequentially(SuiteRunner.java:371)
at org.testng.SuiteRunner.privateRun(SuiteRunner.java:332)
at org.testng.SuiteRunner.run(SuiteRunner.java:276)
at org.testng.SuiteRunnerWorker.runSuite(SuiteRunnerWorker.java:53)
at org.testng.SuiteRunnerWorker.run(SuiteRunnerWorker.java:96)
at org.testng.TestNG.runSuitesSequentially(TestNG.java:1212)
at org.testng.TestNG.runSuitesLocally(TestNG.java:1134)
at org.testng.TestNG.runSuites(TestNG.java:1063)
at org.testng.TestNG.run(TestNG.java:1031)
at org.testng.remote.AbstractRemoteTestNG.run(AbstractRemoteTestNG.java:115)
at org.testng.remote.RemoteTestNG.initAndRun(RemoteTestNG.java:251)
at org.testng.remote.RemoteTestNG.main(RemoteTestNG.java:77)
]]>
            </full-stacktrace>
          </exception> <!-- java.io.FileNotFoundException -->
          <reporter-output>
          </reporter-output>
        </test-method> <!-- Launch_Browser -->
        <test-method is-config="true" signature="Login()[pri:0, instance:ExecutionUtility.AddingStudent@242b836]" started-at="2023-04-25T13:01:55 IST" name="Login" finished-at="1970-01-01T05:30:00 IST" duration-ms="-1682407915515" status="SKIP">
          <reporter-output>
          </reporter-output>
        </test-method> <!-- Login -->
        <test-method signature="Student()[pri:0, instance:ExecutionUtility.AddingStudent@242b836]" started-at="2023-04-25T13:01:55 IST" name="Student" finished-at="2023-04-25T13:01:55 IST" duration-ms="0" status="SKIP">
          <exception class="java.io.FileNotFoundException">
            <message>
              <![CDATA[.\src\test\resources\LoginData\Login.properties (The system cannot find the path specified)]]>
            </message>
            <full-stacktrace>
              <![CDATA[java.io.FileNotFoundException: .\src\test\resources\LoginData\Login.properties (The system cannot find the path specified)
at java.base/java.io.FileInputStream.open0(Native Method)
at java.base/java.io.FileInputStream.open(FileInputStream.java:216)
at java.base/java.io.FileInputStream.<init>(FileInputStream.java:157)
at java.base/java.io.FileInputStream.<init>(FileInputStream.java:111)
at GenericUtility.PropertyFile.ReaddataFromProperty(PropertyFile.java:12)
at GenericUtility.Base_Class.Launch_Browser(Base_Class.java:36)
at java.base/jdk.internal.reflect.NativeMethodAccessorImpl.invoke0(Native Method)
at java.base/jdk.internal.reflect.NativeMethodAccessorImpl.invoke(NativeMethodAccessorImpl.java:77)
at java.base/jdk.internal.reflect.DelegatingMethodAccessorImpl.invoke(DelegatingMethodAccessorImpl.java:43)
at java.base/java.lang.reflect.Method.invoke(Method.java:568)
at org.testng.internal.MethodInvocationHelper.invokeMethod(MethodInvocationHelper.java:133)
at org.testng.internal.MethodInvocationHelper.invokeMethodConsideringTimeout(MethodInvocationHelper.java:62)
at org.testng.internal.ConfigInvoker.invokeConfigurationMethod(ConfigInvoker.java:385)
at org.testng.internal.ConfigInvoker.invokeConfigurations(ConfigInvoker.java:321)
at org.testng.internal.TestMethodWorker.invokeBeforeClassMethods(TestMethodWorker.java:176)
at org.testng.internal.TestMethodWorker.run(TestMethodWorker.java:122)
at java.base/java.util.ArrayList.forEach(ArrayList.java:1511)
at org.testng.TestRunner.privateRun(TestRunner.java:794)
at org.testng.TestRunner.run(TestRunner.java:596)
at org.testng.SuiteRunner.runTest(SuiteRunner.java:377)
at org.testng.SuiteRunner.runSequentially(SuiteRunner.java:371)
at org.testng.SuiteRunner.privateRun(SuiteRunner.java:332)
at org.testng.SuiteRunner.run(SuiteRunner.java:276)
at org.testng.SuiteRunnerWorker.runSuite(SuiteRunnerWorker.java:53)
at org.testng.SuiteRunnerWorker.run(SuiteRunnerWorker.java:96)
at org.testng.TestNG.runSuitesSequentially(TestNG.java:1212)
at org.testng.TestNG.runSuitesLocally(TestNG.java:1134)
at org.testng.TestNG.runSuites(TestNG.java:1063)
at org.testng.TestNG.run(TestNG.java:1031)
at org.testng.remote.AbstractRemoteTestNG.run(AbstractRemoteTestNG.java:115)
at org.testng.remote.RemoteTestNG.initAndRun(RemoteTestNG.java:251)
at org.testng.remote.RemoteTestNG.main(RemoteTestNG.java:77)
]]>
            </full-stacktrace>
          </exception> <!-- java.io.FileNotFoundException -->
          <reporter-output>
          </reporter-output>
        </test-method> <!-- Student -->
        <test-method is-config="true" signature="Logout()[pri:0, instance:ExecutionUtility.AddingStudent@242b836]" started-at="2023-04-25T13:01:55 IST" name="Logout" finished-at="1970-01-01T05:30:00 IST" duration-ms="-1682407915528" status="SKIP">
          <reporter-output>
          </reporter-output>
        </test-method> <!-- Logout -->
        <test-method is-config="true" signature="Close_Browser()[pri:0, instance:ExecutionUtility.AddingStudent@242b836]" started-at="2023-04-25T13:01:55 IST" name="Close_Browser" finished-at="1970-01-01T05:30:00 IST" duration-ms="-1682407915531" status="SKIP">
          <reporter-output>
          </reporter-output>
        </test-method> <!-- Close_Browser -->
        <test-method is-config="true" signature="Close_Database()[pri:0, instance:ExecutionUtility.AddingStudent@242b836]" started-at="2023-04-25T13:01:55 IST" name="Close_Database" finished-at="2023-04-25T13:01:55 IST" duration-ms="1" status="PASS">
          <reporter-output>
          </reporter-output>
        </test-method> <!-- Close_Database -->
      </class> <!-- ExecutionUtility.AddingStudent -->
    </test> <!-- Default test -->
  </suite> <!-- Default suite -->
</testng-results>
