<?xml version="1.0" encoding="UTF-8"?>
<testng-results ignored="0" total="4" passed="4" failed="0" skipped="0">
  <reporter-output>
    <line>
      <![CDATA[Click on Designer Successfully..!!!]]>
    </line>
  </reporter-output>
  <suite started-at="2023-04-25T10:17:37 IST" name="Suite" finished-at="2023-04-25T10:18:03 IST" duration-ms="25221">
    <groups>
      <group name="Regression">
        <method signature="ClickOnDesignerTest.Designer()[pri:0, instance:ExecutionUtility.ClickOnDesignerTest@1ed4ae0f]" name="Designer" class="ExecutionUtility.ClickOnDesignerTest"/>
      </group> <!-- Regression -->
      <group name="smoke">
        <method signature="AddingStudent.Student()[pri:0, instance:ExecutionUtility.AddingStudent@242b836]" name="Student" class="ExecutionUtility.AddingStudent"/>
        <method signature="LoginLogout.Demo()[pri:0, instance:ExecutionUtility.LoginLogout@7d0b7e3c]" name="Demo" class="ExecutionUtility.LoginLogout"/>
      </group> <!-- smoke -->
    </groups>
    <test started-at="2023-04-25T10:17:37 IST" name="Test3" finished-at="2023-04-25T10:17:57 IST" duration-ms="19488">
      <class name="ExecutionUtility.LoginLogout">
        <test-method is-config="true" signature="Launch_Database()[pri:0, instance:ExecutionUtility.LoginLogout@7d0b7e3c]" started-at="2023-04-25T10:17:37 IST" name="Launch_Database" finished-at="2023-04-25T10:17:37 IST" duration-ms="6" status="PASS">
          <reporter-output>
          </reporter-output>
        </test-method> <!-- Launch_Database -->
        <test-method is-config="true" signature="Launch_Browser()[pri:0, instance:ExecutionUtility.LoginLogout@7d0b7e3c]" started-at="2023-04-25T10:17:38 IST" name="Launch_Browser" finished-at="2023-04-25T10:17:43 IST" duration-ms="5795" status="PASS">
          <reporter-output>
          </reporter-output>
        </test-method> <!-- Launch_Browser -->
        <test-method is-config="true" signature="Login()[pri:0, instance:ExecutionUtility.LoginLogout@7d0b7e3c]" started-at="2023-04-25T10:17:43 IST" name="Login" finished-at="2023-04-25T10:17:50 IST" duration-ms="6667" status="PASS">
          <reporter-output>
          </reporter-output>
        </test-method> <!-- Login -->
        <test-method signature="Demo()[pri:0, instance:ExecutionUtility.LoginLogout@7d0b7e3c]" started-at="2023-04-25T10:17:50 IST" name="Demo" finished-at="2023-04-25T10:17:50 IST" duration-ms="1" status="PASS">
          <reporter-output>
          </reporter-output>
        </test-method> <!-- Demo -->
        <test-method is-config="true" signature="Logout()[pri:0, instance:ExecutionUtility.LoginLogout@7d0b7e3c]" started-at="2023-04-25T10:17:50 IST" name="Logout" finished-at="2023-04-25T10:17:56 IST" duration-ms="6195" status="PASS">
          <reporter-output>
          </reporter-output>
        </test-method> <!-- Logout -->
        <test-method is-config="true" signature="Close_Browser()[pri:0, instance:ExecutionUtility.LoginLogout@7d0b7e3c]" started-at="2023-04-25T10:17:56 IST" name="Close_Browser" finished-at="2023-04-25T10:17:57 IST" duration-ms="577" status="PASS">
          <reporter-output>
          </reporter-output>
        </test-method> <!-- Close_Browser -->
        <test-method is-config="true" signature="Close_Database()[pri:0, instance:ExecutionUtility.LoginLogout@7d0b7e3c]" started-at="2023-04-25T10:18:03 IST" name="Close_Database" finished-at="2023-04-25T10:18:03 IST" duration-ms="1" status="PASS">
          <reporter-output>
          </reporter-output>
        </test-method> <!-- Close_Database -->
      </class> <!-- ExecutionUtility.LoginLogout -->
    </test> <!-- Test3 -->
    <test started-at="2023-04-25T10:17:37 IST" name="Test1" finished-at="2023-04-25T10:17:59 IST" duration-ms="21738">
      <class name="ExecutionUtility.AddingStudent">
        <test-method is-config="true" signature="Launch_Browser()[pri:0, instance:ExecutionUtility.AddingStudent@242b836]" started-at="2023-04-25T10:17:38 IST" name="Launch_Browser" finished-at="2023-04-25T10:17:43 IST" duration-ms="5749" status="PASS">
          <reporter-output>
          </reporter-output>
        </test-method> <!-- Launch_Browser -->
        <test-method is-config="true" signature="Login()[pri:0, instance:ExecutionUtility.AddingStudent@242b836]" started-at="2023-04-25T10:17:43 IST" name="Login" finished-at="2023-04-25T10:17:51 IST" duration-ms="7257" status="PASS">
          <reporter-output>
          </reporter-output>
        </test-method> <!-- Login -->
        <test-method signature="Student()[pri:0, instance:ExecutionUtility.AddingStudent@242b836]" started-at="2023-04-25T10:17:51 IST" name="Student" finished-at="2023-04-25T10:17:57 IST" duration-ms="6387" status="PASS">
          <reporter-output>
          </reporter-output>
        </test-method> <!-- Student -->
        <test-method is-config="true" signature="Logout()[pri:0, instance:ExecutionUtility.AddingStudent@242b836]" started-at="2023-04-25T10:17:57 IST" name="Logout" finished-at="2023-04-25T10:17:59 IST" duration-ms="1979" status="PASS">
          <reporter-output>
          </reporter-output>
        </test-method> <!-- Logout -->
        <test-method is-config="true" signature="Close_Browser()[pri:0, instance:ExecutionUtility.AddingStudent@242b836]" started-at="2023-04-25T10:17:59 IST" name="Close_Browser" finished-at="2023-04-25T10:17:59 IST" duration-ms="102" status="PASS">
          <reporter-output>
          </reporter-output>
        </test-method> <!-- Close_Browser -->
      </class> <!-- ExecutionUtility.AddingStudent -->
    </test> <!-- Test1 -->
    <test started-at="2023-04-25T10:17:37 IST" name="Test2" finished-at="2023-04-25T10:18:03 IST" duration-ms="25219">
      <class name="ExecutionUtility.ClickOnDesignerTest">
        <test-method is-config="true" signature="Launch_Browser()[pri:0, instance:ExecutionUtility.ClickOnDesignerTest@1ed4ae0f]" started-at="2023-04-25T10:17:38 IST" name="Launch_Browser" finished-at="2023-04-25T10:17:44 IST" duration-ms="5968" status="PASS">
          <reporter-output>
          </reporter-output>
        </test-method> <!-- Launch_Browser -->
        <test-method is-config="true" signature="Login()[pri:0, instance:ExecutionUtility.ClickOnDesignerTest@1ed4ae0f]" started-at="2023-04-25T10:17:44 IST" name="Login" finished-at="2023-04-25T10:17:50 IST" duration-ms="6169" status="PASS">
          <reporter-output>
          </reporter-output>
        </test-method> <!-- Login -->
        <test-method signature="DemoTest()[pri:0, instance:ExecutionUtility.ClickOnDesignerTest@1ed4ae0f]" started-at="2023-04-25T10:17:50 IST" name="DemoTest" finished-at="2023-04-25T10:17:50 IST" duration-ms="23" status="PASS">
          <reporter-output>
          </reporter-output>
        </test-method> <!-- DemoTest -->
        <test-method is-config="true" signature="Logout()[pri:0, instance:ExecutionUtility.ClickOnDesignerTest@1ed4ae0f]" started-at="2023-04-25T10:17:50 IST" name="Logout" finished-at="2023-04-25T10:17:56 IST" duration-ms="6089" status="PASS">
          <reporter-output>
          </reporter-output>
        </test-method> <!-- Logout -->
        <test-method is-config="true" signature="Login()[pri:0, instance:ExecutionUtility.ClickOnDesignerTest@1ed4ae0f]" started-at="2023-04-25T10:17:56 IST" name="Login" finished-at="2023-04-25T10:17:58 IST" duration-ms="1641" status="PASS">
          <reporter-output>
          </reporter-output>
        </test-method> <!-- Login -->
        <test-method signature="Designer()[pri:0, instance:ExecutionUtility.ClickOnDesignerTest@1ed4ae0f]" started-at="2023-04-25T10:17:58 IST" name="Designer" finished-at="2023-04-25T10:18:01 IST" duration-ms="3064" status="PASS">
          <reporter-output>
            <line>
              <![CDATA[Click on Designer Successfully..!!!]]>
            </line>
          </reporter-output>
        </test-method> <!-- Designer -->
        <test-method is-config="true" signature="Logout()[pri:0, instance:ExecutionUtility.ClickOnDesignerTest@1ed4ae0f]" started-at="2023-04-25T10:18:01 IST" name="Logout" finished-at="2023-04-25T10:18:03 IST" duration-ms="1922" status="PASS">
          <reporter-output>
          </reporter-output>
        </test-method> <!-- Logout -->
        <test-method is-config="true" signature="Close_Browser()[pri:0, instance:ExecutionUtility.ClickOnDesignerTest@1ed4ae0f]" started-at="2023-04-25T10:18:03 IST" name="Close_Browser" finished-at="2023-04-25T10:18:03 IST" duration-ms="85" status="PASS">
          <reporter-output>
          </reporter-output>
        </test-method> <!-- Close_Browser -->
      </class> <!-- ExecutionUtility.ClickOnDesignerTest -->
    </test> <!-- Test2 -->
  </suite> <!-- Suite -->
</testng-results>
